<?xml version="1.0" encoding="UTF-8"?>
<!-- Generated by org.testng.reporters.JUnitReportReporter -->
<testsuite hostname="LAPTOP-BGPS9QII" failures="0" tests="2" name="launchChrome.Test1" time="0.016" errors="0" timestamp="2022-03-18T12:49:26 GMT+08:00" skipped="0">
  <testcase classname="launchChrome.Test1" name="Test2" time="0.014"/>
  <system-out/>
  <testcase classname="launchChrome.Test1" name="Test1" time="0.002"/>
  <system-out/>
</testsuite> <!-- launchChrome.Test1 -->
